Report       : LCD_8_LIB_DEMO
Date         : 07-06-2004
Time         : 23:13:32

Compiler     : BASCOM-AVR LIBRARY V 1.11.7.4,  DEMO Edition
Processor    : 90S8535
SRAM         : 200 hex
EEPROM       : 200 hex
ROMSIZE      : 2000 hex

ROMIMAGE     : 4DE hex  -> Will fit into ROM
ROMIMAGE     :  1246 dec
FLASH USED   :  15  %
BAUD         : 19200 Baud
XTAL         : 7372800 Hz
BAUD error   : 0.%

Stack start  : 25F hex
Stack size   : 20 hex
S-Stacksize  : 10 hex
S-Stackstart : 240 hex
Framesize    : 10 hex
Framestart   : 22F hex

LCD PORT     : 
LCD E        : PORTA.7
LCD RS       : PORTA.5
LCD mode     :  8  bit

--------------------------------------------------------------------------------
Variable                         Type            Address(hex)   Address(dec)
--------------------------------------------------------------------------------
___LTMPA                                           0010          16 
___LTMPB                                           0014          20 
___LTMPC                                           0018          24 
___ITMPA                                           0010          16 
___ITMPB                                           0014          20 
___ITMPC                                           0018          24 
___SINGLEA                       Single            0010          16 
___WTMPA                                           0010          16 
___WTMPAH                                          0011          17 
HWSTACK                          Word              005D          93 
SWSTACK                          Word              001C          28 
FRAME                            Word              0004          4 
___WTMPB                                           0014          20 
___WTMPC                                           0018          24 
___LTMPC                                           0010          16 
___STMPA                                           000D          13 
___STMPB                                           0012          18 
_TEMP1                                             0018          24 
_TEMP2                                             0019          25 
COUNTER0                                           0032          50 
TIMER0                                             0032          50 
COUNTER2                                           0024          36 
TIMER2                                             0024          36 
PWM2                                               0023          35 
COUNTER1                         Word              004C          76 
TIMER1                           Word              004C          76 
CAPTURE1                         Word              0046          70 
COMPARE1A                        Word              004A          74 
PWM1A                            Word              004A          74 
PWM1B                            Word              0048          72 
COMPARE1B                        Word              0048          72 
___BTMPA                                           0010          16 
_A1                                                0010          16 
_A2                                                0011          17 
_A3                                                0012          18 
_A4                                                0013          19 
_B1                                                0014          20 
_B2                                                0015          21 
_B3                                                0016          22 
_B4                                                0017          23 
___BTMPB                                           0014          20 
___BTMPR0                                          0000          0 
___BTMPC                                           0018          24 
___BTMP2                                           0019          25 
___BITTMPA                       Bit               0010          16 
___BITTMPB                       Bit               0014          20 
___BITTMPC                       Bit               0018          24 
___BITSIGNED                     Bit               0006          6 
ERR                              Bit               0006          6 
_XLXH                                              001A          26 
_ZLZH                                              001E          30 
___STRA                          String            0000          0 
___XL                                              001A          26 
___STRBUF                        String            0220          544 
S                                String            0060          96 
X                                Byte              0075          117 
Y                                Byte              0076          118 
CH                               String            0077          119 
I                                Integer           0079          121 
THISBYTE                         Byte              007B          123 

--------------------------------------------------------------------------------
Constant                         Value
--------------------------------------------------------------------------------
SREG                             &H3F                                                                                                                                                                                                                                                            
SPH                              &H3E                                                                                                                                                                                                                                                            
SPL                              &H3D                                                                                                                                                                                                                                                            
GIMSK                            &H3B                                                                                                                                                                                                                                                            
GIFR                             &H3A                                                                                                                                                                                                                                                            
TIMSK                            &H39                                                                                                                                                                                                                                                            
TIFR                             &H38                                                                                                                                                                                                                                                            
MCUCR                            &H35                                                                                                                                                                                                                                                            
MCUSR                            &H34                                                                                                                                                                                                                                                            
TCCR0                            &H33                                                                                                                                                                                                                                                            
TCNT0                            &H32                                                                                                                                                                                                                                                            
TCCR1A                           &H2F                                                                                                                                                                                                                                                            
TCCR1B                           &H2E                                                                                                                                                                                                                                                            
TCNT1H                           &H2D                                                                                                                                                                                                                                                            
TCNT1L                           &H2C                                                                                                                                                                                                                                                            
OCR1AH                           &H2B                                                                                                                                                                                                                                                            
OCR1AL                           &H2A                                                                                                                                                                                                                                                            
OCR1BH                           &H29                                                                                                                                                                                                                                                            
OCR1BL                           &H28                                                                                                                                                                                                                                                            
ICR1H                            &H27                                                                                                                                                                                                                                                            
ICR1L                            &H26                                                                                                                                                                                                                                                            
TCCR2                            &H25                                                                                                                                                                                                                                                            
TCNT2                            &H24                                                                                                                                                                                                                                                            
OCR2                             &H23                                                                                                                                                                                                                                                            
ASSR                             &H22                                                                                                                                                                                                                                                            
WDTCR                            &H21                                                                                                                                                                                                                                                            
EEARH                            &H1F                                                                                                                                                                                                                                                            
EEARL                            &H1E                                                                                                                                                                                                                                                            
EEDR                             &H1D                                                                                                                                                                                                                                                            
EECR                             &H1C                                                                                                                                                                                                                                                            
PORTA                            &H1B                                                                                                                                                                                                                                                            
DDRA                             &H1A                                                                                                                                                                                                                                                            
PINA                             &H19                                                                                                                                                                                                                                                            
PORTB                            &H18                                                                                                                                                                                                                                                            
DDRB                             &H17                                                                                                                                                                                                                                                            
PINB                             &H16                                                                                                                                                                                                                                                            
PORTC                            &H15                                                                                                                                                                                                                                                            
DDRC                             &H14                                                                                                                                                                                                                                                            
PINC                             &H13                                                                                                                                                                                                                                                            
PORTD                            &H12                                                                                                                                                                                                                                                            
DDRD                             &H11                                                                                                                                                                                                                                                            
PIND                             &H10                                                                                                                                                                                                                                                            
SPDR                             &H0F                                                                                                                                                                                                                                                            
SPSR                             &H0E                                                                                                                                                                                                                                                            
SPCR                             &H0D                                                                                                                                                                                                                                                            
UDR                              &H0C                                                                                                                                                                                                                                                            
USR                              &H0B                                                                                                                                                                                                                                                            
UCR                              &H0A                                                                                                                                                                                                                                                            
UBRR                             &H09                                                                                                                                                                                                                                                            
ACSR                             &H08                                                                                                                                                                                                                                                            
ADMUX                            &H07                                                                                                                                                                                                                                                            
ADCSR                            &H06                                                                                                                                                                                                                                                            
ADCH                             &H05                                                                                                                                                                                                                                                            
ADCL                             &H04                                                                                                                                                                                                                                                            
EXTRF                            1                                                                                                                                                                                                                                                               
PORF                             0                                                                                                                                                                                                                                                               
INT1                             7                                                                                                                                                                                                                                                               
INT0                             6                                                                                                                                                                                                                                                               
INTF1                            7                                                                                                                                                                                                                                                               
INTF0                            6                                                                                                                                                                                                                                                               
OCIE2                            7                                                                                                                                                                                                                                                               
TOIE2                            6                                                                                                                                                                                                                                                               
TICIE1                           5                                                                                                                                                                                                                                                               
OCIE1A                           4                                                                                                                                                                                                                                                               
OCIE1B                           3                                                                                                                                                                                                                                                               
TOIE1                            2                                                                                                                                                                                                                                                               
TOIE0                            0                                                                                                                                                                                                                                                               
OCF2                             7                                                                                                                                                                                                                                                               
TOV2                             6                                                                                                                                                                                                                                                               
ICF1                             5                                                                                                                                                                                                                                                               
OCF1A                            4                                                                                                                                                                                                                                                               
OCF1B                            3                                                                                                                                                                                                                                                               
TOV1                             2                                                                                                                                                                                                                                                               
TOV0                             0                                                                                                                                                                                                                                                               
SE                               6                                                                                                                                                                                                                                                               
SM1                              5                                                                                                                                                                                                                                                               
SM0                              4                                                                                                                                                                                                                                                               
ISC11                            3                                                                                                                                                                                                                                                               
ISC10                            2                                                                                                                                                                                                                                                               
ISC01                            1                                                                                                                                                                                                                                                               
ISC00                            0                                                                                                                                                                                                                                                               
CS02                             2                                                                                                                                                                                                                                                               
CS01                             1                                                                                                                                                                                                                                                               
CS00                             0                                                                                                                                                                                                                                                               
COM1A1                           7                                                                                                                                                                                                                                                               
COM1A0                           6                                                                                                                                                                                                                                                               
COM1B1                           5                                                                                                                                                                                                                                                               
COM1B0                           4                                                                                                                                                                                                                                                               
PWM11                            1                                                                                                                                                                                                                                                               
PWM10                            0                                                                                                                                                                                                                                                               
ICNC1                            7                                                                                                                                                                                                                                                               
ICES1                            6                                                                                                                                                                                                                                                               
CTC1                             3                                                                                                                                                                                                                                                               
CS12                             2                                                                                                                                                                                                                                                               
CS11                             1                                                                                                                                                                                                                                                               
CS10                             0                                                                                                                                                                                                                                                               
PWM2                             6                                                                                                                                                                                                                                                               
COM21                            5                                                                                                                                                                                                                                                               
COM20                            4                                                                                                                                                                                                                                                               
CTC2                             3                                                                                                                                                                                                                                                               
CS22                             2                                                                                                                                                                                                                                                               
CS21                             1                                                                                                                                                                                                                                                               
CS20                             0                                                                                                                                                                                                                                                               
AS2                              3                                                                                                                                                                                                                                                               
TCN2UB                           2                                                                                                                                                                                                                                                               
OCR2UB                           1                                                                                                                                                                                                                                                               
TCR2UB                           0                                                                                                                                                                                                                                                               
WDDE                             4                                                                                                                                                                                                                                                               
WDE                              3                                                                                                                                                                                                                                                               
WDP2                             2                                                                                                                                                                                                                                                               
WDP1                             1                                                                                                                                                                                                                                                               
WDP0                             0                                                                                                                                                                                                                                                               
EERIE                            3                                                                                                                                                                                                                                                               
EEMWE                            2                                                                                                                                                                                                                                                               
EEWE                             1                                                                                                                                                                                                                                                               
EERE                             0                                                                                                                                                                                                                                                               
PA7                              7                                                                                                                                                                                                                                                               
PA6                              6                                                                                                                                                                                                                                                               
PA5                              5                                                                                                                                                                                                                                                               
PA4                              4                                                                                                                                                                                                                                                               
PA3                              3                                                                                                                                                                                                                                                               
PA2                              2                                                                                                                                                                                                                                                               
PA1                              1                                                                                                                                                                                                                                                               
PA0                              0                                                                                                                                                                                                                                                               
DDA7                             7                                                                                                                                                                                                                                                               
DDA6                             6                                                                                                                                                                                                                                                               
DDA5                             5                                                                                                                                                                                                                                                               
DDA4                             4                                                                                                                                                                                                                                                               
DDA3                             3                                                                                                                                                                                                                                                               
DDA2                             2                                                                                                                                                                                                                                                               
DDA1                             1                                                                                                                                                                                                                                                               
DDA0                             0                                                                                                                                                                                                                                                               
PINA7                            7                                                                                                                                                                                                                                                               
PINA6                            6                                                                                                                                                                                                                                                               
PINA5                            5                                                                                                                                                                                                                                                               
PINA4                            4                                                                                                                                                                                                                                                               
PINA3                            3                                                                                                                                                                                                                                                               
PINA2                            2                                                                                                                                                                                                                                                               
PINA1                            1                                                                                                                                                                                                                                                               
PINA0                            0                                                                                                                                                                                                                                                               
PB7                              7                                                                                                                                                                                                                                                               
PB6                              6                                                                                                                                                                                                                                                               
PB5                              5                                                                                                                                                                                                                                                               
PB4                              4                                                                                                                                                                                                                                                               
PB3                              3                                                                                                                                                                                                                                                               
PB2                              2                                                                                                                                                                                                                                                               
PB1                              1                                                                                                                                                                                                                                                               
PB0                              0                                                                                                                                                                                                                                                               
DDB7                             7                                                                                                                                                                                                                                                               
DDB6                             6                                                                                                                                                                                                                                                               
DDB5                             5                                                                                                                                                                                                                                                               
DDB4                             4                                                                                                                                                                                                                                                               
DDB3                             3                                                                                                                                                                                                                                                               
DDB2                             2                                                                                                                                                                                                                                                               
DDB1                             1                                                                                                                                                                                                                                                               
DDB0                             0                                                                                                                                                                                                                                                               
PINB7                            7                                                                                                                                                                                                                                                               
PINB6                            6                                                                                                                                                                                                                                                               
PINB5                            5                                                                                                                                                                                                                                                               
PINB4                            4                                                                                                                                                                                                                                                               
PINB3                            3                                                                                                                                                                                                                                                               
PINB2                            2                                                                                                                                                                                                                                                               
PINB1                            1                                                                                                                                                                                                                                                               
PINB0                            0                                                                                                                                                                                                                                                               
PC7                              7                                                                                                                                                                                                                                                               
PC6                              6                                                                                                                                                                                                                                                               
PC5                              5                                                                                                                                                                                                                                                               
PC4                              4                                                                                                                                                                                                                                                               
PC3                              3                                                                                                                                                                                                                                                               
PC2                              2                                                                                                                                                                                                                                                               
PC1                              1                                                                                                                                                                                                                                                               
PC0                              0                                                                                                                                                                                                                                                               
DDC7                             7                                                                                                                                                                                                                                                               
DDC6                             6                                                                                                                                                                                                                                                               
DDC5                             5                                                                                                                                                                                                                                                               
DDC4                             4                                                                                                                                                                                                                                                               
DDC3                             3                                                                                                                                                                                                                                                               
DDC2                             2                                                                                                                                                                                                                                                               
DDC1                             1                                                                                                                                                                                                                                                               
DDC0                             0                                                                                                                                                                                                                                                               
PINC7                            7                                                                                                                                                                                                                                                               
PINC6                            6                                                                                                                                                                                                                                                               
PINC5                            5                                                                                                                                                                                                                                                               
PINC4                            4                                                                                                                                                                                                                                                               
PINC3                            3                                                                                                                                                                                                                                                               
PINC2                            2                                                                                                                                                                                                                                                               
PINC1                            1                                                                                                                                                                                                                                                               
PINC0                            0                                                                                                                                                                                                                                                               
PD7                              7                                                                                                                                                                                                                                                               
PD6                              6                                                                                                                                                                                                                                                               
PD5                              5                                                                                                                                                                                                                                                               
PD4                              4                                                                                                                                                                                                                                                               
PD3                              3                                                                                                                                                                                                                                                               
PD2                              2                                                                                                                                                                                                                                                               
PD1                              1                                                                                                                                                                                                                                                               
PD0                              0                                                                                                                                                                                                                                                               
DDD7                             7                                                                                                                                                                                                                                                               
DDD6                             6                                                                                                                                                                                                                                                               
DDD5                             5                                                                                                                                                                                                                                                               
DDD4                             4                                                                                                                                                                                                                                                               
DDD3                             3                                                                                                                                                                                                                                                               
DDD2                             2                                                                                                                                                                                                                                                               
DDD1                             1                                                                                                                                                                                                                                                               
DDD0                             0                                                                                                                                                                                                                                                               
PIND7                            7                                                                                                                                                                                                                                                               
PIND6                            6                                                                                                                                                                                                                                                               
PIND5                            5                                                                                                                                                                                                                                                               
PIND4                            4                                                                                                                                                                                                                                                               
PIND3                            3                                                                                                                                                                                                                                                               
PIND2                            2                                                                                                                                                                                                                                                               
PIND1                            1                                                                                                                                                                                                                                                               
PIND0                            0                                                                                                                                                                                                                                                               
SPIE                             7                                                                                                                                                                                                                                                               
SPE                              6                                                                                                                                                                                                                                                               
DORD                             5                                                                                                                                                                                                                                                               
MSTR                             4                                                                                                                                                                                                                                                               
CPOL                             3                                                                                                                                                                                                                                                               
CPHA                             2                                                                                                                                                                                                                                                               
SPR1                             1                                                                                                                                                                                                                                                               
SPR0                             0                                                                                                                                                                                                                                                               
SPIF                             7                                                                                                                                                                                                                                                               
WCOL                             6                                                                                                                                                                                                                                                               
RXC                              7                                                                                                                                                                                                                                                               
TXC                              6                                                                                                                                                                                                                                                               
UDRE                             5                                                                                                                                                                                                                                                               
FE                               4                                                                                                                                                                                                                                                               
OR                               3                                                                                                                                                                                                                                                               
RXCIE                            7                                                                                                                                                                                                                                                               
TXCIE                            6                                                                                                                                                                                                                                                               
UDRIE                            5                                                                                                                                                                                                                                                               
RXEN                             4                                                                                                                                                                                                                                                               
TXEN                             3                                                                                                                                                                                                                                                               
CHR9                             2                                                                                                                                                                                                                                                               
RXB8                             1                                                                                                                                                                                                                                                               
TXB8                             0                                                                                                                                                                                                                                                               
ACD                              7                                                                                                                                                                                                                                                               
ACO                              5                                                                                                                                                                                                                                                               
ACI                              4                                                                                                                                                                                                                                                               
ACIE                             3                                                                                                                                                                                                                                                               
ACIC                             2                                                                                                                                                                                                                                                               
ACIS1                            1                                                                                                                                                                                                                                                               
ACIS0                            0                                                                                                                                                                                                                                                               
MUX2                             2                                                                                                                                                                                                                                                               
MUX1                             1                                                                                                                                                                                                                                                               
MUX0                             0                                                                                                                                                                                                                                                               
ADEN                             7                                                                                                                                                                                                                                                               
ADSC                             6                                                                                                                                                                                                                                                               
ADFR                             5                                                                                                                                                                                                                                                               
ADIF                             4                                                                                                                                                                                                                                                               
ADIE                             3                                                                                                                                                                                                                                                               
ADPS2                            2                                                                                                                                                                                                                                                               
ADPS1                            1                                                                                                                                                                                                                                                               
ADPS0                            0                                                                                                                                                                                                                                                               
_DATE_FORMAT                     0                                                                                                                                                                                                                                                               
_DATE_SEPARATOR                  47                                                                                                                                                                                                                                                              
_CHIP                            8                                                                                                                                                                                                                                                               
_RAMSIZE                         512                                                                                                                                                                                                                                                             
_ERAMSIZE                        512                                                                                                                                                                                                                                                             
_SIM                             0                                                                                                                                                                                                                                                               
_XTAL                            7372800                                                                                                                                                                                                                                                         
_BUILD                           11174                                                                                                                                                                                                                                                           
_COMPILER                        90                                                                                                                                                                                                                                                              
LCD_CTRL_PORT                    &H1B                                                                                                                                                                                                                                                            
LCD_CTRL_DDR                     &H1A                                                                                                                                                                                                                                                            
LCD_RS                           5                                                                                                                                                                                                                                                               
LCD_RW                           6                                                                                                                                                                                                                                                               
LCD_E                            7                                                                                                                                                                                                                                                               
LCD_DATA_PORT                    &H15                                                                                                                                                                                                                                                            
LCD_DATA_DDR                     &H14                                                                                                                                                                                                                                                            
LCD_DATA_IN                      &H13                                                                                                                                                                                                                                                            
LCD_BUSY                         7                                                                                                                                                                                                                                                               
LCD_DB0                          0                                                                                                                                                                                                                                                               
LCD_DB1                          1                                                                                                                                                                                                                                                               
LCD_DB2                          2                                                                                                                                                                                                                                                               
LCD_DB3                          3                                                                                                                                                                                                                                                               
LCD_DB4                          4                                                                                                                                                                                                                                                               
LCD_DB5                          5                                                                                                                                                                                                                                                               
LCD_DB6                          6                                                                                                                                                                                                                                                               
LCD_DB7                          7                                                                                                                                                                                                                                                               


--------------------------------------------------------------------------------
Warnings:
--------------------------------------------------------------------------------
HWSTACK                          not used
SWSTACK                          not used
FRAME                            not used
COUNTER2                         not used
PWM2                             not used

